Unity Editor version:    2020.3.25f1 (9b9180224418)
Branch:                  2020.3/staging
Build type:              Release
Batch mode:              YES
macOS version:           Version 11.4 (Build 20F71)
Darwin version:          20.5.0
Architecture:            x86_64
Running under Rosetta:   YES
Available memory:        8192 MB
Using pre-set license
Pro License: NO

COMMAND LINE ARGUMENTS:
/Applications/Unity/Hub/Editor/2020.3.25f1/Unity.app/Contents/MacOS/Unity
-adb2
-batchMode
-noUpm
-name
AssetImportWorker0
-projectPath
/Users/umtaeho/Desktop/Unity/Animator_Practice
-logFile
Logs/AssetImportWorker0.log
-srvPort
65037
Successfully changed project path to: /Users/umtaeho/Desktop/Unity/Animator_Practice
/Users/umtaeho/Desktop/Unity/Animator_Practice
Using Asset Import Pipeline V2.
Refreshing native plugins compatible for Editor in 63.00 ms, found 3 plugins.
Preloading 0 native plugins for Editor in 0.00 ms.
Initialize engine version: 2020.3.25f1 (9b9180224418)
[Subsystems] Discovering subsystems at path /Applications/Unity/Hub/Editor/2020.3.25f1/Unity.app/Contents/Resources/UnitySubsystems
[Subsystems] Discovering subsystems at path /Users/umtaeho/Desktop/Unity/Animator_Practice/Assets
GfxDevice: creating device client; threaded=0
2022-01-08 05:46:33.165 Unity[38497:481713] (null) preferred device: Apple M1 (high power)
2022-01-08 05:46:33.165 Unity[38497:481713] Metal devices available: 1
2022-01-08 05:46:33.165 Unity[38497:481713] 0: Apple M1 (high power)
2022-01-08 05:46:33.165 Unity[38497:481713] Using device Apple M1 (high power)
Initializing Metal device caps: Apple M1
Initialize mono
Mono path[0] = '/Applications/Unity/Hub/Editor/2020.3.25f1/Unity.app/Contents/Managed'
Mono path[1] = '/Applications/Unity/Hub/Editor/2020.3.25f1/Unity.app/Contents/MonoBleedingEdge/lib/mono/unityjit'
Mono config path = '/Applications/Unity/Hub/Editor/2020.3.25f1/Unity.app/Contents/MonoBleedingEdge/etc'
Using monoOptions --debugger-agent=transport=dt_socket,embedding=1,server=y,suspend=n,address=127.0.0.1:56497
Begin MonoManager ReloadAssembly
Registering precompiled unity dll's ...
Register platform support module: /Applications/Unity/Hub/Editor/2020.3.25f1/PlaybackEngines/WebGLSupport/UnityEditor.WebGL.Extensions.dll
Register platform support module: /Applications/Unity/Hub/Editor/2020.3.25f1/Unity.app/Contents/PlaybackEngines/MacStandaloneSupport/UnityEditor.OSXStandalone.Extensions.dll
Registered in 0.001463 seconds.
Native extension for OSXStandalone target not found
Native extension for WebGL target not found
Refreshing native plugins compatible for Editor in 39.77 ms, found 3 plugins.
Preloading 0 native plugins for Editor in 0.00 ms.
Mono: successfully reloaded assembly
- Completed reload, in  1.363 seconds
Domain Reload Profiling:
	ReloadAssembly (1363ms)
		BeginReloadAssembly (111ms)
			ExecutionOrderSort (0ms)
			DisableScriptedObjects (0ms)
			BackupInstance (0ms)
			ReleaseScriptingObjects (0ms)
			CreateAndSetChildDomain (3ms)
		EndReloadAssembly (1131ms)
			LoadAssemblies (108ms)
			RebuildTransferFunctionScriptingTraits (1ms)
			SetupTypeCache (189ms)
			ReleaseScriptCaches (0ms)
			RebuildScriptCaches (43ms)
			SetupLoadedEditorAssemblies (567ms)
				LogAssemblyErrors (0ms)
				InitializePlatformSupportModulesInManaged (15ms)
				SetLoadedEditorAssemblies (1ms)
				RefreshPlugins (40ms)
				BeforeProcessingInitializeOnLoad (27ms)
				ProcessInitializeOnLoadAttributes (354ms)
				ProcessInitializeOnLoadMethodAttributes (130ms)
				AfterProcessingInitializeOnLoad (0ms)
				EditorAssembliesLoaded (1ms)
			ExecutionOrderSort2 (0ms)
			AwakeInstancesAfterBackupRestoration (0ms)
Platform modules already initialized, skipping
Registering precompiled user dll's ...
Registered in 0.003394 seconds.
Begin MonoManager ReloadAssembly
Native extension for OSXStandalone target not found
Native extension for WebGL target not found
Refreshing native plugins compatible for Editor in 37.98 ms, found 3 plugins.
Preloading 0 native plugins for Editor in 0.00 ms.
Mono: successfully reloaded assembly
- Completed reload, in  2.499 seconds
Domain Reload Profiling:
	ReloadAssembly (2501ms)
		BeginReloadAssembly (284ms)
			ExecutionOrderSort (0ms)
			DisableScriptedObjects (34ms)
			BackupInstance (0ms)
			ReleaseScriptingObjects (0ms)
			CreateAndSetChildDomain (42ms)
		EndReloadAssembly (2122ms)
			LoadAssemblies (209ms)
			RebuildTransferFunctionScriptingTraits (0ms)
			SetupTypeCache (381ms)
			ReleaseScriptCaches (0ms)
			RebuildScriptCaches (58ms)
			SetupLoadedEditorAssemblies (1095ms)
				LogAssemblyErrors (0ms)
				InitializePlatformSupportModulesInManaged (13ms)
				SetLoadedEditorAssemblies (1ms)
				RefreshPlugins (38ms)
				BeforeProcessingInitializeOnLoad (126ms)
				ProcessInitializeOnLoadAttributes (857ms)
				ProcessInitializeOnLoadMethodAttributes (59ms)
				AfterProcessingInitializeOnLoad (1ms)
				EditorAssembliesLoaded (0ms)
			ExecutionOrderSort2 (0ms)
			AwakeInstancesAfterBackupRestoration (60ms)
Platform modules already initialized, skipping
Validating Project structure ... 0.000097 seconds.
Shader import version has changed; will reimport all shaders...
Upgrading shader files ...0.000122 seconds.
Application.AssetDatabase Initial Script Refresh Start
RefreshInfo: InitialScriptRefreshV2(NoUpdateAssetOptions) scanfilter:  ... 1 filters
RefreshProfiler: Total: 0.000ms
Application.AssetDatabase Initial Script Refresh End
Application.AssetDatabase.Refresh Start
Application.AssetDatabase.Refresh End
RefreshInfo: StopAssetImportingV2(ForceSynchronousImport) scanfilter: 
RefreshProfiler: Total: 0.000ms
Launching external process: /Applications/Unity/Hub/Editor/2020.3.25f1/Unity.app/Contents/Tools/UnityShaderCompiler
Launched and connected shader compiler UnityShaderCompiler after 0.05 seconds
Initializing Unity extensions:
========================================================================
Worker process is ready to serve import requests
Refreshing native plugins compatible for Editor in 0.26 ms, found 3 plugins.
Preloading 0 native plugins for Editor in 0.00 ms.
Unloading 2195 Unused Serialized files (Serialized files now loaded: 0)
System memory in use before: 194.3 MB.
System memory in use after: 193.6 MB.

Unloading 101 unused Assets to reduce memory usage. Loaded Objects now: 2667.
Total: 4.299125 ms (FindLiveObjects: 0.131459 ms CreateObjectMapping: 0.043416 ms MarkObjects: 3.648709 ms  DeleteObjects: 0.474584 ms)

AssetImportParameters requested are different than current active one (requested -> active):
  custom:video-decoder-ogg-theora: a1e56fd34408186e4bbccfd4996cb3dc -> 
  custom:container-muxer-webm: aa71ff27fc2769a1b78a27578f13a17b -> 
  custom:container-demuxer-webm: 4f35f7cbe854078d1ac9338744f61a02 -> 
  custom:container-demuxer-ogg: 62fdf1f143b41e24485cea50d1cbac27 -> 
  custom:video-encoder-webm-vp8: eb34c28f22e8b96e1ab97ce403110664 -> 
  custom:framework-osx-AVFoundation: e770b220cccbd017edd2c1fefb359320 -> 
  custom:video-decoder-webm-vp8: 9c59270c3fd7afecdb556c50c9e8de78 -> 
  custom:audio-decoder-ogg-vorbis: bf7c407c2cedff20999df2af8eb42d56 -> 
  custom:audio-encoder-webm-vorbis: bf7c407c2cedff20999df2af8eb42d56 -> 
========================================================================
Received Import Request.
  path: Assets/4-1. Animation System.zip
  artifactKey: Guid(8ed7983318d3f444eaec2925797dbaa0) Importer(815301076,1909f56bfc062723c751e8b465ee728b)
Start importing Assets/4-1. Animation System.zip using Guid(8ed7983318d3f444eaec2925797dbaa0) Importer(815301076,1909f56bfc062723c751e8b465ee728b)  -> (artifact id: 'd7b15fc4463166fddde17fc4025f7bad') in 0.985245 seconds 
  Import took 0.999574 seconds .

========================================================================
Received Import Request.
  Time since last request: 51.557157 seconds.
  path: Assets/3d98d112cf759a44493ccc5183d13856
  artifactKey: Guid(00e1b6c03e32947bbb006d20d2ef6422) Importer(815301076,1909f56bfc062723c751e8b465ee728b)
Start importing Assets/3d98d112cf759a44493ccc5183d13856 using Guid(00e1b6c03e32947bbb006d20d2ef6422) Importer(815301076,1909f56bfc062723c751e8b465ee728b)  -> (artifact id: '1dd3fe1904cc604114353adfadf90378') in 0.013448 seconds 
  Import took 0.037669 seconds .

========================================================================
Received Import Request.
  Time since last request: 171.793763 seconds.
  path: Assets/Sprites
  artifactKey: Guid(bbeab6dc77bf1ee4f90ba29029cf19d5) Importer(815301076,1909f56bfc062723c751e8b465ee728b)
Start importing Assets/Sprites using Guid(bbeab6dc77bf1ee4f90ba29029cf19d5) Importer(815301076,1909f56bfc062723c751e8b465ee728b)  -> (artifact id: '1666e3fd5a926cbfc9afbf7f670f5c97') in 0.003929 seconds 
  Import took 0.018334 seconds .

========================================================================
Received Import Request.
  Time since last request: 0.039315 seconds.
  path: Assets/Sprites/Monster 1 Walking 1.png
  artifactKey: Guid(531662eac2f9cb841b46444600a95623) Importer(815301076,1909f56bfc062723c751e8b465ee728b)
Start importing Assets/Sprites/Monster 1 Walking 1.png using Guid(531662eac2f9cb841b46444600a95623) Importer(815301076,1909f56bfc062723c751e8b465ee728b)  -> (artifact id: 'f8057a7e3386f56d2058c71dfdade155') in 0.715681 seconds 
  Import took 0.724075 seconds .

========================================================================
Received Import Request.
  Time since last request: 0.000357 seconds.
  path: Assets/Sprites/Monster 1 Walking 2.png
  artifactKey: Guid(c8654029d69cce448b42fa79588aa7eb) Importer(815301076,1909f56bfc062723c751e8b465ee728b)
Start importing Assets/Sprites/Monster 1 Walking 2.png using Guid(c8654029d69cce448b42fa79588aa7eb) Importer(815301076,1909f56bfc062723c751e8b465ee728b)  -> (artifact id: 'e09616dc62480756e0a92570ab0ce596') in 0.017282 seconds 
  Import took 0.020544 seconds .

========================================================================
Received Import Request.
  Time since last request: 0.000219 seconds.
  path: Assets/Sprites/Monster 1 Walking 4.png
  artifactKey: Guid(4269edacef174f74f880e29715c3546f) Importer(815301076,1909f56bfc062723c751e8b465ee728b)
Start importing Assets/Sprites/Monster 1 Walking 4.png using Guid(4269edacef174f74f880e29715c3546f) Importer(815301076,1909f56bfc062723c751e8b465ee728b)  -> (artifact id: '7ad884386f14f84bcbf0e5331700f1f4') in 0.010672 seconds 
  Import took 0.013424 seconds .

========================================================================
Received Import Request.
  Time since last request: 0.000317 seconds.
  path: Assets/Sprites/Monster 1 Walking 3.png
  artifactKey: Guid(012938798d5b8804f8af013b64ebc460) Importer(815301076,1909f56bfc062723c751e8b465ee728b)
Start importing Assets/Sprites/Monster 1 Walking 3.png using Guid(012938798d5b8804f8af013b64ebc460) Importer(815301076,1909f56bfc062723c751e8b465ee728b)  -> (artifact id: '1b0ae9aff0adce4525439642ecadd80e') in 0.010967 seconds 
  Import took 0.013552 seconds .

========================================================================
Received Import Request.
  Time since last request: 0.000234 seconds.
  path: Assets/Sprites/Monster_1.png
  artifactKey: Guid(d65368e454ad2cd4b817f30f0b71f568) Importer(815301076,1909f56bfc062723c751e8b465ee728b)
Start importing Assets/Sprites/Monster_1.png using Guid(d65368e454ad2cd4b817f30f0b71f568) Importer(815301076,1909f56bfc062723c751e8b465ee728b)  -> (artifact id: '419c54eb5cfad5eca9ba6b66c7944299') in 0.010438 seconds 
  Import took 0.013415 seconds .

========================================================================
Received Import Request.
  Time since last request: 235.272330 seconds.
  path: Assets/Animations
  artifactKey: Guid(b9438bf8a3ec72b4f8c525482bc6480a) Importer(815301076,1909f56bfc062723c751e8b465ee728b)
Start importing Assets/Animations using Guid(b9438bf8a3ec72b4f8c525482bc6480a) Importer(815301076,1909f56bfc062723c751e8b465ee728b)  -> (artifact id: '9e4cc7de1653de5338c622dfe54b914c') in 0.002937 seconds 
  Import took 0.015138 seconds .

========================================================================
Received Import Request.
  Time since last request: 1.047965 seconds.
  path: Assets/Animations/Monster_1.controller
  artifactKey: Guid(3d98d112cf759a44493ccc5183d13856) Importer(815301076,1909f56bfc062723c751e8b465ee728b)
Start importing Assets/Animations/Monster_1.controller using Guid(3d98d112cf759a44493ccc5183d13856) Importer(815301076,1909f56bfc062723c751e8b465ee728b)  -> (artifact id: '7b7e3ecc23b96252d168000ba5fb5b08') in 0.482468 seconds 
  Import took 0.489076 seconds .

========================================================================
Received Import Request.
  Time since last request: 0.432285 seconds.
  path: Assets/Animations/Monster_1_walking.anim
  artifactKey: Guid(20a64b983265e264d981f59a9f07db44) Importer(815301076,1909f56bfc062723c751e8b465ee728b)
Start importing Assets/Animations/Monster_1_walking.anim using Guid(20a64b983265e264d981f59a9f07db44) Importer(815301076,1909f56bfc062723c751e8b465ee728b)  -> (artifact id: '85ef2f1ed44de0c3f06c792c0fd815c7') in 0.177331 seconds 
  Import took 0.182800 seconds .

========================================================================
Received Prepare
Registering precompiled user dll's ...
Registered in 0.002750 seconds.
Begin MonoManager ReloadAssembly
Native extension for OSXStandalone target not found
Native extension for WebGL target not found
Refreshing native plugins compatible for Editor in 0.44 ms, found 3 plugins.
Preloading 0 native plugins for Editor in 0.00 ms.
Mono: successfully reloaded assembly
- Completed reload, in  2.575 seconds
Domain Reload Profiling:
	ReloadAssembly (2577ms)
		BeginReloadAssembly (286ms)
			ExecutionOrderSort (0ms)
			DisableScriptedObjects (43ms)
			BackupInstance (0ms)
			ReleaseScriptingObjects (0ms)
			CreateAndSetChildDomain (117ms)
		EndReloadAssembly (2187ms)
			LoadAssemblies (206ms)
			RebuildTransferFunctionScriptingTraits (0ms)
			SetupTypeCache (389ms)
			ReleaseScriptCaches (1ms)
			RebuildScriptCaches (58ms)
			SetupLoadedEditorAssemblies (1208ms)
				LogAssemblyErrors (0ms)
				InitializePlatformSupportModulesInManaged (18ms)
				SetLoadedEditorAssemblies (2ms)
				RefreshPlugins (0ms)
				BeforeProcessingInitializeOnLoad (189ms)
				ProcessInitializeOnLoadAttributes (951ms)
				ProcessInitializeOnLoadMethodAttributes (47ms)
				AfterProcessingInitializeOnLoad (1ms)
				EditorAssembliesLoaded (0ms)
			ExecutionOrderSort2 (0ms)
			AwakeInstancesAfterBackupRestoration (48ms)
Platform modules already initialized, skipping
Refreshing native plugins compatible for Editor in 0.42 ms, found 3 plugins.
Preloading 0 native plugins for Editor in 0.00 ms.
Unloading 2183 Unused Serialized files (Serialized files now loaded: 0)
System memory in use before: 209.1 MB.
System memory in use after: 209.2 MB.

Unloading 18 unused Assets to reduce memory usage. Loaded Objects now: 2675.
Total: 2.402250 ms (FindLiveObjects: 0.136458 ms CreateObjectMapping: 0.045666 ms MarkObjects: 2.194750 ms  DeleteObjects: 0.024458 ms)

AssetImportParameters requested are different than current active one (requested -> active):
  custom:video-decoder-ogg-theora: a1e56fd34408186e4bbccfd4996cb3dc -> 
  custom:container-muxer-webm: aa71ff27fc2769a1b78a27578f13a17b -> 
  custom:container-demuxer-webm: 4f35f7cbe854078d1ac9338744f61a02 -> 
  custom:container-demuxer-ogg: 62fdf1f143b41e24485cea50d1cbac27 -> 
  custom:video-encoder-webm-vp8: eb34c28f22e8b96e1ab97ce403110664 -> 
  custom:framework-osx-AVFoundation: e770b220cccbd017edd2c1fefb359320 -> 
  custom:video-decoder-webm-vp8: 9c59270c3fd7afecdb556c50c9e8de78 -> 
  custom:audio-decoder-ogg-vorbis: bf7c407c2cedff20999df2af8eb42d56 -> 
  custom:audio-encoder-webm-vorbis: bf7c407c2cedff20999df2af8eb42d56 -> 
========================================================================
Received Prepare
Registering precompiled user dll's ...
Registered in 0.001842 seconds.
Begin MonoManager ReloadAssembly
Native extension for OSXStandalone target not found
Native extension for WebGL target not found
Refreshing native plugins compatible for Editor in 0.41 ms, found 3 plugins.
Preloading 0 native plugins for Editor in 0.00 ms.
Mono: successfully reloaded assembly
- Completed reload, in  2.435 seconds
Domain Reload Profiling:
	ReloadAssembly (2436ms)
		BeginReloadAssembly (243ms)
			ExecutionOrderSort (0ms)
			DisableScriptedObjects (40ms)
			BackupInstance (0ms)
			ReleaseScriptingObjects (0ms)
			CreateAndSetChildDomain (86ms)
		EndReloadAssembly (2091ms)
			LoadAssemblies (203ms)
			RebuildTransferFunctionScriptingTraits (0ms)
			SetupTypeCache (367ms)
			ReleaseScriptCaches (1ms)
			RebuildScriptCaches (57ms)
			SetupLoadedEditorAssemblies (1136ms)
				LogAssemblyErrors (0ms)
				InitializePlatformSupportModulesInManaged (17ms)
				SetLoadedEditorAssemblies (2ms)
				RefreshPlugins (0ms)
				BeforeProcessingInitializeOnLoad (179ms)
				ProcessInitializeOnLoadAttributes (897ms)
				ProcessInitializeOnLoadMethodAttributes (39ms)
				AfterProcessingInitializeOnLoad (1ms)
				EditorAssembliesLoaded (0ms)
			ExecutionOrderSort2 (0ms)
			AwakeInstancesAfterBackupRestoration (40ms)
Platform modules already initialized, skipping
Refreshing native plugins compatible for Editor in 0.49 ms, found 3 plugins.
Preloading 0 native plugins for Editor in 0.00 ms.
Unloading 2183 Unused Serialized files (Serialized files now loaded: 0)
System memory in use before: 209.3 MB.
System memory in use after: 209.4 MB.

Unloading 17 unused Assets to reduce memory usage. Loaded Objects now: 2677.
Total: 2.392167 ms (FindLiveObjects: 0.113292 ms CreateObjectMapping: 0.046875 ms MarkObjects: 2.204292 ms  DeleteObjects: 0.026750 ms)

AssetImportParameters requested are different than current active one (requested -> active):
  custom:video-decoder-ogg-theora: a1e56fd34408186e4bbccfd4996cb3dc -> 
  custom:container-muxer-webm: aa71ff27fc2769a1b78a27578f13a17b -> 
  custom:container-demuxer-webm: 4f35f7cbe854078d1ac9338744f61a02 -> 
  custom:container-demuxer-ogg: 62fdf1f143b41e24485cea50d1cbac27 -> 
  custom:video-encoder-webm-vp8: eb34c28f22e8b96e1ab97ce403110664 -> 
  custom:framework-osx-AVFoundation: e770b220cccbd017edd2c1fefb359320 -> 
  custom:video-decoder-webm-vp8: 9c59270c3fd7afecdb556c50c9e8de78 -> 
  custom:audio-decoder-ogg-vorbis: bf7c407c2cedff20999df2af8eb42d56 -> 
  custom:audio-encoder-webm-vorbis: bf7c407c2cedff20999df2af8eb42d56 -> 
========================================================================
Received Import Request.
  Time since last request: 402.029576 seconds.
  path: Assets/FlyingDragon.png
  artifactKey: Guid(32664eaca00194ad28c650f8bb53eea6) Importer(815301076,1909f56bfc062723c751e8b465ee728b)
Start importing Assets/FlyingDragon.png using Guid(32664eaca00194ad28c650f8bb53eea6) Importer(815301076,1909f56bfc062723c751e8b465ee728b)  -> (artifact id: '6314077ecadb722f9add42734ae52245') in 0.207367 seconds 
  Import took 0.236537 seconds .

========================================================================
Received Import Request.
  Time since last request: 816.982264 seconds.
  path: Assets/Sprites/FlyingDragon.png
  artifactKey: Guid(32664eaca00194ad28c650f8bb53eea6) Importer(815301076,1909f56bfc062723c751e8b465ee728b)
Start importing Assets/Sprites/FlyingDragon.png using Guid(32664eaca00194ad28c650f8bb53eea6) Importer(815301076,1909f56bfc062723c751e8b465ee728b)  -> (artifact id: '748748eb0ea85997dffcf4e3475be1f3') in 0.056654 seconds 
  Import took 0.067197 seconds .

========================================================================
Received Import Request.
  Time since last request: 96.514893 seconds.
  path: Assets/Animation
  artifactKey: Guid(4923d95b4ebb04160b13be3f6b96e796) Importer(815301076,1909f56bfc062723c751e8b465ee728b)
Start importing Assets/Animation using Guid(4923d95b4ebb04160b13be3f6b96e796) Importer(815301076,1909f56bfc062723c751e8b465ee728b)  -> (artifact id: '2c98323efc4f8bf348a07cc657e6ca91') in 0.001548 seconds 
  Import took 0.005057 seconds .

========================================================================
Received Import Request.
  Time since last request: 7.183864 seconds.
  path: Assets/Animation/Skeletal Animation
  artifactKey: Guid(0311efc250e014b7697872fb4ff56e62) Importer(815301076,1909f56bfc062723c751e8b465ee728b)
Start importing Assets/Animation/Skeletal Animation using Guid(0311efc250e014b7697872fb4ff56e62) Importer(815301076,1909f56bfc062723c751e8b465ee728b)  -> (artifact id: 'b989803017f044091e267d86f745a0dd') in 0.001223 seconds 
  Import took 0.004452 seconds .

